{"C:\\Users\\Abuka\\OneDrive\\Desktop\\main\\trustworthy-module-registry\\src\\Data_Fetcher\\GitHubDataFetcher.ts": {"path":"C:\\Users\\Abuka\\OneDrive\\Desktop\\main\\trustworthy-module-registry\\src\\Data_Fetcher\\GitHubDataFetcher.ts","statementMap":{"0":{"start":{"line":16,"column":21},"end":{"line":16,"column":68}},"1":{"start":{"line":20,"column":8},"end":{"line":20,"column":23}},"2":{"start":{"line":21,"column":8},"end":{"line":21,"column":27}},"3":{"start":{"line":25,"column":8},"end":{"line":43,"column":9}},"4":{"start":{"line":26,"column":29},"end":{"line":33,"column":14}},"5":{"start":{"line":35,"column":12},"end":{"line":37,"column":13}},"6":{"start":{"line":36,"column":16},"end":{"line":36,"column":74}},"7":{"start":{"line":39,"column":12},"end":{"line":39,"column":46}},"8":{"start":{"line":41,"column":12},"end":{"line":41,"column":69}},"9":{"start":{"line":42,"column":12},"end":{"line":42,"column":68}},"10":{"start":{"line":47,"column":22},"end":{"line":69,"column":10}},"11":{"start":{"line":71,"column":40},"end":{"line":71,"column":65}},"12":{"start":{"line":72,"column":21},"end":{"line":72,"column":90}},"13":{"start":{"line":74,"column":24},"end":{"line":74,"column":82}},"14":{"start":{"line":75,"column":29},"end":{"line":75,"column":92}},"15":{"start":{"line":77,"column":31},"end":{"line":81,"column":11}},"16":{"start":{"line":77,"column":54},"end":{"line":81,"column":10}},"17":{"start":{"line":83,"column":40},"end":{"line":83,"column":127}},"18":{"start":{"line":83,"column":79},"end":{"line":83,"column":99}},"19":{"start":{"line":85,"column":8},"end":{"line":89,"column":10}},"20":{"start":{"line":93,"column":22},"end":{"line":119,"column":10}},"21":{"start":{"line":121,"column":40},"end":{"line":121,"column":65}},"22":{"start":{"line":122,"column":21},"end":{"line":122,"column":95}},"23":{"start":{"line":124,"column":24},"end":{"line":124,"column":82}},"24":{"start":{"line":126,"column":35},"end":{"line":126,"column":52}},"25":{"start":{"line":127,"column":61},"end":{"line":127,"column":63}},"26":{"start":{"line":129,"column":8},"end":{"line":135,"column":11}},"27":{"start":{"line":130,"column":26},"end":{"line":130,"column":51}},"28":{"start":{"line":131,"column":12},"end":{"line":134,"column":13}},"29":{"start":{"line":132,"column":16},"end":{"line":132,"column":46}},"30":{"start":{"line":133,"column":16},"end":{"line":133,"column":79}},"31":{"start":{"line":137,"column":35},"end":{"line":137,"column":125}},"32":{"start":{"line":137,"column":81},"end":{"line":137,"column":124}},"33":{"start":{"line":139,"column":8},"end":{"line":154,"column":10}},"34":{"start":{"line":143,"column":75},"end":{"line":146,"column":14}},"35":{"start":{"line":149,"column":71},"end":{"line":149,"column":101}},"36":{"start":{"line":150,"column":75},"end":{"line":150,"column":137}},"37":{"start":{"line":151,"column":74},"end":{"line":151,"column":137}},"38":{"start":{"line":152,"column":77},"end":{"line":152,"column":106}},"39":{"start":{"line":158,"column":22},"end":{"line":182,"column":10}},"40":{"start":{"line":184,"column":40},"end":{"line":184,"column":65}},"41":{"start":{"line":185,"column":21},"end":{"line":185,"column":97}},"42":{"start":{"line":187,"column":21},"end":{"line":187,"column":41}},"43":{"start":{"line":188,"column":28},"end":{"line":188,"column":38}},"44":{"start":{"line":189,"column":32},"end":{"line":189,"column":108}},"45":{"start":{"line":190,"column":37},"end":{"line":190,"column":146}},"46":{"start":{"line":192,"column":8},"end":{"line":200,"column":10}},"47":{"start":{"line":204,"column":22},"end":{"line":229,"column":10}},"48":{"start":{"line":231,"column":40},"end":{"line":231,"column":65}},"49":{"start":{"line":232,"column":21},"end":{"line":232,"column":96}},"50":{"start":{"line":234,"column":8},"end":{"line":238,"column":36}},"51":{"start":{"line":242,"column":27},"end":{"line":242,"column":89}},"52":{"start":{"line":243,"column":22},"end":{"line":279,"column":10}},"53":{"start":{"line":281,"column":40},"end":{"line":281,"column":65}},"54":{"start":{"line":282,"column":21},"end":{"line":282,"column":100}},"55":{"start":{"line":284,"column":21},"end":{"line":284,"column":41}},"56":{"start":{"line":285,"column":33},"end":{"line":285,"column":80}},"57":{"start":{"line":286,"column":29},"end":{"line":286,"column":59}},"58":{"start":{"line":287,"column":27},"end":{"line":287,"column":49}},"59":{"start":{"line":288,"column":29},"end":{"line":288,"column":57}},"60":{"start":{"line":289,"column":30},"end":{"line":289,"column":54}},"61":{"start":{"line":290,"column":33},"end":{"line":292,"column":16}},"62":{"start":{"line":291,"column":12},"end":{"line":291,"column":90}},"63":{"start":{"line":294,"column":35},"end":{"line":294,"column":104}},"64":{"start":{"line":296,"column":8},"end":{"line":304,"column":10}},"65":{"start":{"line":308,"column":22},"end":{"line":318,"column":10}},"66":{"start":{"line":320,"column":40},"end":{"line":320,"column":65}},"67":{"start":{"line":321,"column":21},"end":{"line":321,"column":90}},"68":{"start":{"line":323,"column":8},"end":{"line":323,"column":48}},"69":{"start":{"line":327,"column":8},"end":{"line":348,"column":9}},"70":{"start":{"line":328,"column":103},"end":{"line":335,"column":14}},"71":{"start":{"line":337,"column":12},"end":{"line":344,"column":14}},"72":{"start":{"line":346,"column":12},"end":{"line":346,"column":61}},"73":{"start":{"line":347,"column":12},"end":{"line":347,"column":72}},"74":{"start":{"line":352,"column":38},"end":{"line":352,"column":67}},"75":{"start":{"line":353,"column":8},"end":{"line":353,"column":39}},"76":{"start":{"line":14,"column":0},"end":{"line":14,"column":13}}},"fnMap":{"0":{"name":"(anonymous_0)","decl":{"start":{"line":19,"column":4},"end":{"line":19,"column":16}},"loc":{"start":{"line":19,"column":42},"end":{"line":22,"column":5}}},"1":{"name":"(anonymous_1)","decl":{"start":{"line":24,"column":12},"end":{"line":24,"column":17}},"loc":{"start":{"line":24,"column":61},"end":{"line":44,"column":5}}},"2":{"name":"(anonymous_2)","decl":{"start":{"line":46,"column":4},"end":{"line":46,"column":9}},"loc":{"start":{"line":46,"column":22},"end":{"line":90,"column":5}}},"3":{"name":"(anonymous_3)","decl":{"start":{"line":77,"column":43},"end":{"line":77,"column":49}},"loc":{"start":{"line":77,"column":54},"end":{"line":81,"column":10}}},"4":{"name":"(anonymous_4)","decl":{"start":{"line":83,"column":62},"end":{"line":83,"column":63}},"loc":{"start":{"line":83,"column":79},"end":{"line":83,"column":99}}},"5":{"name":"(anonymous_5)","decl":{"start":{"line":92,"column":4},"end":{"line":92,"column":9}},"loc":{"start":{"line":92,"column":27},"end":{"line":155,"column":5}}},"6":{"name":"(anonymous_6)","decl":{"start":{"line":129,"column":24},"end":{"line":129,"column":30}},"loc":{"start":{"line":129,"column":33},"end":{"line":135,"column":9}}},"7":{"name":"(anonymous_7)","decl":{"start":{"line":137,"column":71},"end":{"line":137,"column":72}},"loc":{"start":{"line":137,"column":81},"end":{"line":137,"column":124}}},"8":{"name":"(anonymous_8)","decl":{"start":{"line":143,"column":65},"end":{"line":143,"column":70}},"loc":{"start":{"line":143,"column":75},"end":{"line":146,"column":14}}},"9":{"name":"(anonymous_9)","decl":{"start":{"line":149,"column":62},"end":{"line":149,"column":67}},"loc":{"start":{"line":149,"column":71},"end":{"line":149,"column":101}}},"10":{"name":"(anonymous_10)","decl":{"start":{"line":150,"column":66},"end":{"line":150,"column":71}},"loc":{"start":{"line":150,"column":75},"end":{"line":150,"column":137}}},"11":{"name":"(anonymous_11)","decl":{"start":{"line":151,"column":65},"end":{"line":151,"column":70}},"loc":{"start":{"line":151,"column":74},"end":{"line":151,"column":137}}},"12":{"name":"(anonymous_12)","decl":{"start":{"line":152,"column":68},"end":{"line":152,"column":73}},"loc":{"start":{"line":152,"column":77},"end":{"line":152,"column":106}}},"13":{"name":"(anonymous_13)","decl":{"start":{"line":157,"column":4},"end":{"line":157,"column":9}},"loc":{"start":{"line":157,"column":29},"end":{"line":201,"column":5}}},"14":{"name":"(anonymous_14)","decl":{"start":{"line":203,"column":4},"end":{"line":203,"column":9}},"loc":{"start":{"line":203,"column":28},"end":{"line":239,"column":5}}},"15":{"name":"(anonymous_15)","decl":{"start":{"line":241,"column":4},"end":{"line":241,"column":9}},"loc":{"start":{"line":241,"column":32},"end":{"line":305,"column":5}}},"16":{"name":"(anonymous_16)","decl":{"start":{"line":290,"column":66},"end":{"line":290,"column":67}},"loc":{"start":{"line":291,"column":12},"end":{"line":291,"column":90}}},"17":{"name":"(anonymous_17)","decl":{"start":{"line":307,"column":4},"end":{"line":307,"column":9}},"loc":{"start":{"line":307,"column":22},"end":{"line":324,"column":5}}},"18":{"name":"(anonymous_18)","decl":{"start":{"line":326,"column":4},"end":{"line":326,"column":9}},"loc":{"start":{"line":326,"column":22},"end":{"line":349,"column":5}}},"19":{"name":"(anonymous_19)","decl":{"start":{"line":351,"column":12},"end":{"line":351,"column":30}},"loc":{"start":{"line":351,"column":30},"end":{"line":354,"column":5}}}},"branchMap":{"0":{"loc":{"start":{"line":35,"column":12},"end":{"line":37,"column":13}},"type":"if","locations":[{"start":{"line":35,"column":12},"end":{"line":37,"column":13}}]},"1":{"loc":{"start":{"line":131,"column":12},"end":{"line":134,"column":13}},"type":"if","locations":[{"start":{"line":131,"column":12},"end":{"line":134,"column":13}}]},"2":{"loc":{"start":{"line":133,"column":44},"end":{"line":133,"column":73}},"type":"binary-expr","locations":[{"start":{"line":133,"column":44},"end":{"line":133,"column":68}},{"start":{"line":133,"column":72},"end":{"line":133,"column":73}}]},"3":{"loc":{"start":{"line":150,"column":75},"end":{"line":150,"column":137}},"type":"binary-expr","locations":[{"start":{"line":150,"column":75},"end":{"line":150,"column":104}},{"start":{"line":150,"column":108},"end":{"line":150,"column":137}}]},"4":{"loc":{"start":{"line":151,"column":74},"end":{"line":151,"column":137}},"type":"binary-expr","locations":[{"start":{"line":151,"column":74},"end":{"line":151,"column":103}},{"start":{"line":151,"column":107},"end":{"line":151,"column":137}}]},"5":{"loc":{"start":{"line":189,"column":32},"end":{"line":189,"column":108}},"type":"cond-expr","locations":[{"start":{"line":189,"column":57},"end":{"line":189,"column":101}},{"start":{"line":189,"column":104},"end":{"line":189,"column":108}}]},"6":{"loc":{"start":{"line":190,"column":37},"end":{"line":190,"column":146}},"type":"cond-expr","locations":[{"start":{"line":190,"column":55},"end":{"line":190,"column":139}},{"start":{"line":190,"column":142},"end":{"line":190,"column":146}}]},"7":{"loc":{"start":{"line":234,"column":15},"end":{"line":238,"column":35}},"type":"binary-expr","locations":[{"start":{"line":234,"column":15},"end":{"line":234,"column":48}},{"start":{"line":235,"column":12},"end":{"line":235,"column":46}},{"start":{"line":236,"column":12},"end":{"line":236,"column":46}},{"start":{"line":237,"column":12},"end":{"line":237,"column":46}},{"start":{"line":238,"column":12},"end":{"line":238,"column":35}}]}},"s":{"0":13,"1":13,"2":13,"3":43,"4":43,"5":42,"6":1,"7":41,"8":2,"9":2,"10":9,"11":9,"12":9,"13":9,"14":8,"15":8,"16":401,"17":8,"18":401,"19":8,"20":4,"21":4,"22":4,"23":4,"24":4,"25":4,"26":4,"27":400,"28":400,"29":400,"30":400,"31":4,"32":294,"33":4,"34":20,"35":98,"36":98,"37":98,"38":98,"39":8,"40":8,"41":8,"42":8,"43":8,"44":8,"45":8,"46":8,"47":10,"48":10,"49":10,"50":10,"51":5,"52":5,"53":5,"54":5,"55":5,"56":5,"57":5,"58":5,"59":5,"60":5,"61":5,"62":188,"63":5,"64":5,"65":3,"66":3,"67":3,"68":3,"69":2,"70":2,"71":1,"72":1,"73":1,"74":41,"75":41,"76":7},"f":{"0":13,"1":43,"2":9,"3":401,"4":401,"5":4,"6":400,"7":294,"8":20,"9":98,"10":98,"11":98,"12":98,"13":8,"14":10,"15":5,"16":188,"17":3,"18":2,"19":41},"b":{"0":[1],"1":[400],"2":[400,98],"3":[98,22],"4":[98,14],"5":[5,3],"6":[5,3],"7":[10,5,4,2,1]}}
,"C:\\Users\\Abuka\\OneDrive\\Desktop\\main\\trustworthy-module-registry\\src\\Data_Fetcher\\NPMDataFetcher.ts": {"path":"C:\\Users\\Abuka\\OneDrive\\Desktop\\main\\trustworthy-module-registry\\src\\Data_Fetcher\\NPMDataFetcher.ts","statementMap":{"0":{"start":{"line":4,"column":0},"end":{"line":4,"column":56}},"1":{"start":{"line":14,"column":8},"end":{"line":14,"column":23}},"2":{"start":{"line":15,"column":8},"end":{"line":15,"column":27}},"3":{"start":{"line":16,"column":8},"end":{"line":16,"column":56}},"4":{"start":{"line":17,"column":8},"end":{"line":17,"column":83}},"5":{"start":{"line":21,"column":22},"end":{"line":21,"column":50}},"6":{"start":{"line":22,"column":8},"end":{"line":26,"column":9}},"7":{"start":{"line":23,"column":12},"end":{"line":23,"column":28}},"8":{"start":{"line":25,"column":12},"end":{"line":25,"column":56}},"9":{"start":{"line":30,"column":8},"end":{"line":39,"column":9}},"10":{"start":{"line":31,"column":29},"end":{"line":31,"column":58}},"11":{"start":{"line":32,"column":12},"end":{"line":34,"column":13}},"12":{"start":{"line":33,"column":16},"end":{"line":33,"column":74}},"13":{"start":{"line":35,"column":12},"end":{"line":35,"column":56}},"14":{"start":{"line":37,"column":12},"end":{"line":37,"column":66}},"15":{"start":{"line":38,"column":12},"end":{"line":38,"column":70}},"16":{"start":{"line":43,"column":24},"end":{"line":43,"column":49}},"17":{"start":{"line":44,"column":30},"end":{"line":44,"column":53}},"18":{"start":{"line":45,"column":8},"end":{"line":51,"column":9}},"19":{"start":{"line":47,"column":30},"end":{"line":47,"column":87}},"20":{"start":{"line":48,"column":12},"end":{"line":48,"column":29}},"21":{"start":{"line":50,"column":12},"end":{"line":50,"column":84}},"22":{"start":{"line":55,"column":8},"end":{"line":62,"column":9}},"23":{"start":{"line":56,"column":30},"end":{"line":56,"column":55}},"24":{"start":{"line":57,"column":34},"end":{"line":57,"column":78}},"25":{"start":{"line":58,"column":12},"end":{"line":58,"column":54}},"26":{"start":{"line":61,"column":12},"end":{"line":61,"column":93}},"27":{"start":{"line":66,"column":26},"end":{"line":66,"column":51}},"28":{"start":{"line":67,"column":30},"end":{"line":67,"column":74}},"29":{"start":{"line":68,"column":8},"end":{"line":68,"column":55}},"30":{"start":{"line":72,"column":8},"end":{"line":79,"column":9}},"31":{"start":{"line":73,"column":30},"end":{"line":73,"column":55}},"32":{"start":{"line":74,"column":34},"end":{"line":74,"column":78}},"33":{"start":{"line":75,"column":12},"end":{"line":75,"column":61}},"34":{"start":{"line":78,"column":12},"end":{"line":78,"column":93}},"35":{"start":{"line":83,"column":8},"end":{"line":90,"column":9}},"36":{"start":{"line":84,"column":30},"end":{"line":84,"column":55}},"37":{"start":{"line":85,"column":34},"end":{"line":85,"column":78}},"38":{"start":{"line":86,"column":12},"end":{"line":86,"column":60}},"39":{"start":{"line":89,"column":12},"end":{"line":89,"column":93}},"40":{"start":{"line":94,"column":8},"end":{"line":101,"column":9}},"41":{"start":{"line":95,"column":30},"end":{"line":95,"column":55}},"42":{"start":{"line":96,"column":34},"end":{"line":96,"column":78}},"43":{"start":{"line":97,"column":12},"end":{"line":97,"column":64}},"44":{"start":{"line":100,"column":12},"end":{"line":100,"column":93}},"45":{"start":{"line":105,"column":8},"end":{"line":123,"column":9}},"46":{"start":{"line":106,"column":28},"end":{"line":106,"column":53}},"47":{"start":{"line":107,"column":12},"end":{"line":119,"column":13}},"48":{"start":{"line":109,"column":16},"end":{"line":113,"column":18}},"49":{"start":{"line":116,"column":34},"end":{"line":116,"column":59}},"50":{"start":{"line":117,"column":38},"end":{"line":117,"column":82}},"51":{"start":{"line":118,"column":16},"end":{"line":118,"column":58}},"52":{"start":{"line":122,"column":12},"end":{"line":122,"column":78}},"53":{"start":{"line":127,"column":8},"end":{"line":147,"column":9}},"54":{"start":{"line":128,"column":103},"end":{"line":135,"column":14}},"55":{"start":{"line":137,"column":12},"end":{"line":144,"column":14}},"56":{"start":{"line":146,"column":12},"end":{"line":146,"column":72}},"57":{"start":{"line":7,"column":0},"end":{"line":7,"column":13}}},"fnMap":{"0":{"name":"(anonymous_0)","decl":{"start":{"line":13,"column":4},"end":{"line":13,"column":16}},"loc":{"start":{"line":13,"column":42},"end":{"line":18,"column":5}}},"1":{"name":"(anonymous_1)","decl":{"start":{"line":20,"column":12},"end":{"line":20,"column":30}},"loc":{"start":{"line":20,"column":42},"end":{"line":27,"column":5}}},"2":{"name":"(anonymous_2)","decl":{"start":{"line":29,"column":12},"end":{"line":29,"column":17}},"loc":{"start":{"line":29,"column":30},"end":{"line":40,"column":5}}},"3":{"name":"(anonymous_3)","decl":{"start":{"line":42,"column":12},"end":{"line":42,"column":17}},"loc":{"start":{"line":42,"column":30},"end":{"line":52,"column":5}}},"4":{"name":"(anonymous_4)","decl":{"start":{"line":54,"column":4},"end":{"line":54,"column":9}},"loc":{"start":{"line":54,"column":22},"end":{"line":63,"column":5}}},"5":{"name":"(anonymous_5)","decl":{"start":{"line":65,"column":4},"end":{"line":65,"column":9}},"loc":{"start":{"line":65,"column":27},"end":{"line":69,"column":5}}},"6":{"name":"(anonymous_6)","decl":{"start":{"line":71,"column":4},"end":{"line":71,"column":9}},"loc":{"start":{"line":71,"column":29},"end":{"line":80,"column":5}}},"7":{"name":"(anonymous_7)","decl":{"start":{"line":82,"column":4},"end":{"line":82,"column":9}},"loc":{"start":{"line":82,"column":28},"end":{"line":91,"column":5}}},"8":{"name":"(anonymous_8)","decl":{"start":{"line":93,"column":4},"end":{"line":93,"column":9}},"loc":{"start":{"line":93,"column":32},"end":{"line":102,"column":5}}},"9":{"name":"(anonymous_9)","decl":{"start":{"line":104,"column":4},"end":{"line":104,"column":9}},"loc":{"start":{"line":104,"column":22},"end":{"line":124,"column":5}}},"10":{"name":"(anonymous_10)","decl":{"start":{"line":126,"column":4},"end":{"line":126,"column":9}},"loc":{"start":{"line":126,"column":22},"end":{"line":148,"column":5}}}},"branchMap":{"0":{"loc":{"start":{"line":22,"column":8},"end":{"line":26,"column":9}},"type":"if","locations":[{"start":{"line":22,"column":8},"end":{"line":26,"column":9}},{"start":{"line":24,"column":15},"end":{"line":26,"column":9}}]},"1":{"loc":{"start":{"line":22,"column":12},"end":{"line":22,"column":29}},"type":"binary-expr","locations":[{"start":{"line":22,"column":12},"end":{"line":22,"column":17}},{"start":{"line":22,"column":21},"end":{"line":22,"column":29}}]},"2":{"loc":{"start":{"line":32,"column":12},"end":{"line":34,"column":13}},"type":"if","locations":[{"start":{"line":32,"column":12},"end":{"line":34,"column":13}}]},"3":{"loc":{"start":{"line":45,"column":8},"end":{"line":51,"column":9}},"type":"if","locations":[{"start":{"line":45,"column":8},"end":{"line":51,"column":9}},{"start":{"line":49,"column":15},"end":{"line":51,"column":9}}]},"4":{"loc":{"start":{"line":45,"column":12},"end":{"line":45,"column":65}},"type":"binary-expr","locations":[{"start":{"line":45,"column":12},"end":{"line":45,"column":25}},{"start":{"line":45,"column":29},"end":{"line":45,"column":65}}]},"5":{"loc":{"start":{"line":107,"column":12},"end":{"line":119,"column":13}},"type":"if","locations":[{"start":{"line":107,"column":12},"end":{"line":119,"column":13}},{"start":{"line":114,"column":19},"end":{"line":119,"column":13}}]}},"s":{"0":1,"1":5,"2":5,"3":5,"4":5,"5":5,"6":5,"7":5,"8":0,"9":31,"10":31,"11":30,"12":1,"13":29,"14":2,"15":2,"16":25,"17":25,"18":25,"19":10,"20":10,"21":15,"22":4,"23":4,"24":2,"25":2,"26":2,"27":2,"28":2,"29":2,"30":9,"31":9,"32":2,"33":2,"34":7,"35":7,"36":7,"37":2,"38":2,"39":5,"40":3,"41":3,"42":2,"43":2,"44":1,"45":2,"46":2,"47":2,"48":2,"49":0,"50":0,"51":0,"52":0,"53":1,"54":1,"55":1,"56":0,"57":1},"f":{"0":5,"1":5,"2":31,"3":25,"4":4,"5":2,"6":9,"7":7,"8":3,"9":2,"10":1},"b":{"0":[5,0],"1":[5,5],"2":[1],"3":[10,15],"4":[25,10],"5":[2,0]}}
,"C:\\Users\\Abuka\\OneDrive\\Desktop\\main\\trustworthy-module-registry\\src\\metrics\\BusFactorCalculator.ts": {"path":"C:\\Users\\Abuka\\OneDrive\\Desktop\\main\\trustworthy-module-registry\\src\\metrics\\BusFactorCalculator.ts","statementMap":{"0":{"start":{"line":1,"column":0},"end":{"line":1,"column":54}},"1":{"start":{"line":22,"column":8},"end":{"line":22,"column":20}},"2":{"start":{"line":25,"column":8},"end":{"line":25,"column":62}},"3":{"start":{"line":28,"column":35},"end":{"line":28,"column":85}},"4":{"start":{"line":31,"column":44},"end":{"line":31,"column":88}},"5":{"start":{"line":34,"column":8},"end":{"line":34,"column":118}},"6":{"start":{"line":37,"column":8},"end":{"line":37,"column":85}},"7":{"start":{"line":45,"column":8},"end":{"line":47,"column":9}},"8":{"start":{"line":46,"column":12},"end":{"line":46,"column":21}},"9":{"start":{"line":50,"column":8},"end":{"line":52,"column":9}},"10":{"start":{"line":51,"column":12},"end":{"line":51,"column":21}},"11":{"start":{"line":55,"column":8},"end":{"line":61,"column":9}},"12":{"start":{"line":56,"column":12},"end":{"line":56,"column":23}},"13":{"start":{"line":57,"column":15},"end":{"line":61,"column":9}},"14":{"start":{"line":58,"column":12},"end":{"line":58,"column":23}},"15":{"start":{"line":60,"column":12},"end":{"line":60,"column":21}},"16":{"start":{"line":68,"column":8},"end":{"line":76,"column":10}},"17":{"start":{"line":16,"column":0},"end":{"line":16,"column":13}}},"fnMap":{"0":{"name":"(anonymous_0)","decl":{"start":{"line":21,"column":4},"end":{"line":21,"column":16}},"loc":{"start":{"line":21,"column":35},"end":{"line":38,"column":5}}},"1":{"name":"(anonymous_1)","decl":{"start":{"line":44,"column":4},"end":{"line":44,"column":13}},"loc":{"start":{"line":44,"column":13},"end":{"line":62,"column":5}}},"2":{"name":"(anonymous_2)","decl":{"start":{"line":67,"column":13},"end":{"line":67,"column":25}},"loc":{"start":{"line":67,"column":25},"end":{"line":77,"column":5}}}},"branchMap":{"0":{"loc":{"start":{"line":31,"column":44},"end":{"line":31,"column":88}},"type":"binary-expr","locations":[{"start":{"line":31,"column":44},"end":{"line":31,"column":83}},{"start":{"line":31,"column":87},"end":{"line":31,"column":88}}]},"1":{"loc":{"start":{"line":34,"column":40},"end":{"line":34,"column":117}},"type":"cond-expr","locations":[{"start":{"line":34,"column":65},"end":{"line":34,"column":113}},{"start":{"line":34,"column":116},"end":{"line":34,"column":117}}]},"2":{"loc":{"start":{"line":45,"column":8},"end":{"line":47,"column":9}},"type":"if","locations":[{"start":{"line":45,"column":8},"end":{"line":47,"column":9}}]},"3":{"loc":{"start":{"line":50,"column":8},"end":{"line":52,"column":9}},"type":"if","locations":[{"start":{"line":50,"column":8},"end":{"line":52,"column":9}}]},"4":{"loc":{"start":{"line":50,"column":12},"end":{"line":50,"column":72}},"type":"binary-expr","locations":[{"start":{"line":50,"column":12},"end":{"line":50,"column":39}},{"start":{"line":50,"column":43},"end":{"line":50,"column":72}}]},"5":{"loc":{"start":{"line":55,"column":8},"end":{"line":61,"column":9}},"type":"if","locations":[{"start":{"line":55,"column":8},"end":{"line":61,"column":9}},{"start":{"line":57,"column":15},"end":{"line":61,"column":9}}]},"6":{"loc":{"start":{"line":57,"column":15},"end":{"line":61,"column":9}},"type":"if","locations":[{"start":{"line":57,"column":15},"end":{"line":61,"column":9}},{"start":{"line":59,"column":15},"end":{"line":61,"column":9}}]},"7":{"loc":{"start":{"line":69,"column":12},"end":{"line":75,"column":46}},"type":"binary-expr","locations":[{"start":{"line":69,"column":12},"end":{"line":69,"column":32}},{"start":{"line":70,"column":12},"end":{"line":70,"column":54}},{"start":{"line":71,"column":12},"end":{"line":71,"column":38}},{"start":{"line":72,"column":12},"end":{"line":72,"column":55}},{"start":{"line":73,"column":12},"end":{"line":73,"column":40}},{"start":{"line":74,"column":12},"end":{"line":74,"column":61}},{"start":{"line":75,"column":12},"end":{"line":75,"column":46}}]}},"s":{"0":2,"1":13,"2":13,"3":13,"4":13,"5":13,"6":13,"7":12,"8":2,"9":10,"10":3,"11":7,"12":2,"13":5,"14":2,"15":3,"16":12,"17":2},"f":{"0":13,"1":12,"2":12},"b":{"0":[13,4],"1":[10,3],"2":[2],"3":[3],"4":[10,8],"5":[2,5],"6":[2,3],"7":[12,12,12,10,10,10,10]}}
,"C:\\Users\\Abuka\\OneDrive\\Desktop\\main\\trustworthy-module-registry\\src\\metrics\\CalculatorFactory.ts": {"path":"C:\\Users\\Abuka\\OneDrive\\Desktop\\main\\trustworthy-module-registry\\src\\metrics\\CalculatorFactory.ts","statementMap":{"0":{"start":{"line":2,"column":0},"end":{"line":2,"column":56}},"1":{"start":{"line":3,"column":0},"end":{"line":3,"column":60}},"2":{"start":{"line":4,"column":0},"end":{"line":4,"column":64}},"3":{"start":{"line":5,"column":0},"end":{"line":5,"column":54}},"4":{"start":{"line":6,"column":0},"end":{"line":6,"column":82}},"5":{"start":{"line":9,"column":0},"end":{"line":9,"column":null}},"6":{"start":{"line":10,"column":4},"end":{"line":10,"column":null}},"7":{"start":{"line":11,"column":4},"end":{"line":11,"column":null}},"8":{"start":{"line":12,"column":4},"end":{"line":12,"column":null}},"9":{"start":{"line":13,"column":4},"end":{"line":13,"column":null}},"10":{"start":{"line":14,"column":4},"end":{"line":14,"column":null}},"11":{"start":{"line":26,"column":8},"end":{"line":41,"column":9}},"12":{"start":{"line":28,"column":16},"end":{"line":28,"column":51}},"13":{"start":{"line":30,"column":16},"end":{"line":30,"column":53}},"14":{"start":{"line":32,"column":16},"end":{"line":32,"column":55}},"15":{"start":{"line":34,"column":16},"end":{"line":34,"column":50}},"16":{"start":{"line":36,"column":16},"end":{"line":36,"column":64}},"17":{"start":{"line":39,"column":16},"end":{"line":39,"column":57}},"18":{"start":{"line":40,"column":16},"end":{"line":40,"column":33}},"19":{"start":{"line":45,"column":9},"end":{"line":45,"column":26}}},"fnMap":{"0":{"name":"(anonymous_0)","decl":{"start":{"line":9,"column":0},"end":{"line":9,"column":5}},"loc":{"start":{"line":9,"column":20},"end":{"line":16,"column":1}}},"1":{"name":"(anonymous_1)","decl":{"start":{"line":25,"column":4},"end":{"line":25,"column":10}},"loc":{"start":{"line":25,"column":60},"end":{"line":42,"column":5}}}},"branchMap":{"0":{"loc":{"start":{"line":9,"column":5},"end":{"line":9,"column":null}},"type":"binary-expr","locations":[{"start":{"line":9,"column":5},"end":{"line":9,"column":20}},{"start":{"line":9,"column":20},"end":{"line":9,"column":null}}]},"1":{"loc":{"start":{"line":26,"column":8},"end":{"line":41,"column":9}},"type":"switch","locations":[{"start":{"line":27,"column":12},"end":{"line":28,"column":51}},{"start":{"line":29,"column":12},"end":{"line":30,"column":53}},{"start":{"line":31,"column":12},"end":{"line":32,"column":55}},{"start":{"line":33,"column":12},"end":{"line":34,"column":50}},{"start":{"line":35,"column":12},"end":{"line":36,"column":64}},{"start":{"line":38,"column":12},"end":{"line":40,"column":33}}]}},"s":{"0":1,"1":1,"2":1,"3":1,"4":1,"5":1,"6":1,"7":1,"8":1,"9":1,"10":1,"11":6,"12":1,"13":1,"14":1,"15":1,"16":1,"17":1,"18":1,"19":1},"f":{"0":1,"1":6},"b":{"0":[1,1],"1":[1,1,1,1,1,1]}}
,"C:\\Users\\Abuka\\OneDrive\\Desktop\\main\\trustworthy-module-registry\\src\\metrics\\CorrectnessCalculator.ts": {"path":"C:\\Users\\Abuka\\OneDrive\\Desktop\\main\\trustworthy-module-registry\\src\\metrics\\CorrectnessCalculator.ts","statementMap":{"0":{"start":{"line":1,"column":0},"end":{"line":1,"column":54}},"1":{"start":{"line":17,"column":8},"end":{"line":17,"column":20}},"2":{"start":{"line":18,"column":8},"end":{"line":18,"column":25}},"3":{"start":{"line":26,"column":8},"end":{"line":28,"column":9}},"4":{"start":{"line":27,"column":12},"end":{"line":27,"column":21}},"5":{"start":{"line":38,"column":12},"end":{"line":38,"column":21}},"6":{"start":{"line":41,"column":30},"end":{"line":41,"column":79}},"7":{"start":{"line":44,"column":30},"end":{"line":44,"column":101}},"8":{"start":{"line":47,"column":32},"end":{"line":47,"column":56}},"9":{"start":{"line":48,"column":32},"end":{"line":48,"column":75}},"10":{"start":{"line":51,"column":33},"end":{"line":51,"column":104}},"11":{"start":{"line":54,"column":8},"end":{"line":54,"column":77}},"12":{"start":{"line":69,"column":12},"end":{"line":69,"column":21}},"13":{"start":{"line":71,"column":8},"end":{"line":80,"column":10}},"14":{"start":{"line":13,"column":0},"end":{"line":13,"column":13}}},"fnMap":{"0":{"name":"(anonymous_0)","decl":{"start":{"line":16,"column":4},"end":{"line":16,"column":16}},"loc":{"start":{"line":16,"column":37},"end":{"line":19,"column":5}}},"1":{"name":"(anonymous_1)","decl":{"start":{"line":25,"column":4},"end":{"line":25,"column":13}},"loc":{"start":{"line":25,"column":13},"end":{"line":55,"column":5}}},"2":{"name":"(anonymous_2)","decl":{"start":{"line":60,"column":13},"end":{"line":60,"column":25}},"loc":{"start":{"line":60,"column":25},"end":{"line":81,"column":5}}}},"branchMap":{"0":{"loc":{"start":{"line":26,"column":8},"end":{"line":28,"column":9}},"type":"if","locations":[{"start":{"line":26,"column":8},"end":{"line":28,"column":9}}]},"1":{"loc":{"start":{"line":41,"column":30},"end":{"line":41,"column":79}},"type":"cond-expr","locations":[{"start":{"line":41,"column":47},"end":{"line":41,"column":48}},{"start":{"line":41,"column":51},"end":{"line":41,"column":79}}]},"2":{"loc":{"start":{"line":44,"column":30},"end":{"line":44,"column":101}},"type":"cond-expr","locations":[{"start":{"line":44,"column":57},"end":{"line":44,"column":97}},{"start":{"line":44,"column":100},"end":{"line":44,"column":101}}]},"3":{"loc":{"start":{"line":72,"column":12},"end":{"line":79,"column":65}},"type":"binary-expr","locations":[{"start":{"line":72,"column":12},"end":{"line":72,"column":32}},{"start":{"line":73,"column":12},"end":{"line":73,"column":40}},{"start":{"line":73,"column":44},"end":{"line":73,"column":57}},{"start":{"line":74,"column":12},"end":{"line":74,"column":48}},{"start":{"line":74,"column":52},"end":{"line":74,"column":73}},{"start":{"line":75,"column":12},"end":{"line":75,"column":52}},{"start":{"line":75,"column":56},"end":{"line":75,"column":81}},{"start":{"line":76,"column":12},"end":{"line":76,"column":37}},{"start":{"line":76,"column":41},"end":{"line":76,"column":51}},{"start":{"line":77,"column":12},"end":{"line":77,"column":37}},{"start":{"line":77,"column":41},"end":{"line":77,"column":51}},{"start":{"line":78,"column":12},"end":{"line":78,"column":40}},{"start":{"line":78,"column":44},"end":{"line":78,"column":57}},{"start":{"line":79,"column":12},"end":{"line":79,"column":44}},{"start":{"line":79,"column":48},"end":{"line":79,"column":65}}]}},"s":{"0":2,"1":11,"2":11,"3":10,"4":2,"5":8,"6":8,"7":8,"8":8,"9":8,"10":8,"11":8,"12":10,"13":10,"14":2},"f":{"0":11,"1":10,"2":10},"b":{"0":[2],"1":[4,4],"2":[3,5],"3":[10,10,10,8,8,8,8,8,8,8,8,8,8,8,8]}}
,"C:\\Users\\Abuka\\OneDrive\\Desktop\\main\\trustworthy-module-registry\\src\\metrics\\LicenseCalculator.ts": {"path":"C:\\Users\\Abuka\\OneDrive\\Desktop\\main\\trustworthy-module-registry\\src\\metrics\\LicenseCalculator.ts","statementMap":{"0":{"start":{"line":1,"column":0},"end":{"line":1,"column":54}},"1":{"start":{"line":9,"column":8},"end":{"line":9,"column":20}},"2":{"start":{"line":4,"column":12},"end":{"line":4,"column":101}},"3":{"start":{"line":5,"column":12},"end":{"line":5,"column":100}},"4":{"start":{"line":11,"column":8},"end":{"line":20,"column":9}},"5":{"start":{"line":12,"column":12},"end":{"line":12,"column":67}},"6":{"start":{"line":13,"column":15},"end":{"line":20,"column":9}},"7":{"start":{"line":14,"column":12},"end":{"line":14,"column":39}},"8":{"start":{"line":15,"column":15},"end":{"line":20,"column":9}},"9":{"start":{"line":17,"column":12},"end":{"line":17,"column":32}},"10":{"start":{"line":19,"column":12},"end":{"line":19,"column":30}},"11":{"start":{"line":28,"column":8},"end":{"line":30,"column":9}},"12":{"start":{"line":29,"column":12},"end":{"line":29,"column":21}},"13":{"start":{"line":32,"column":8},"end":{"line":34,"column":9}},"14":{"start":{"line":33,"column":12},"end":{"line":33,"column":21}},"15":{"start":{"line":36,"column":8},"end":{"line":38,"column":9}},"16":{"start":{"line":37,"column":12},"end":{"line":37,"column":23}},"17":{"start":{"line":40,"column":8},"end":{"line":40,"column":17}},"18":{"start":{"line":47,"column":8},"end":{"line":47,"column":95}},"19":{"start":{"line":3,"column":0},"end":{"line":3,"column":13}}},"fnMap":{"0":{"name":"(anonymous_0)","decl":{"start":{"line":8,"column":4},"end":{"line":8,"column":16}},"loc":{"start":{"line":8,"column":25},"end":{"line":21,"column":5}}},"1":{"name":"(anonymous_1)","decl":{"start":{"line":27,"column":4},"end":{"line":27,"column":13}},"loc":{"start":{"line":27,"column":13},"end":{"line":41,"column":5}}},"2":{"name":"(anonymous_2)","decl":{"start":{"line":46,"column":13},"end":{"line":46,"column":25}},"loc":{"start":{"line":46,"column":25},"end":{"line":48,"column":5}}}},"branchMap":{"0":{"loc":{"start":{"line":11,"column":8},"end":{"line":20,"column":9}},"type":"if","locations":[{"start":{"line":11,"column":8},"end":{"line":20,"column":9}},{"start":{"line":13,"column":15},"end":{"line":20,"column":9}}]},"1":{"loc":{"start":{"line":13,"column":15},"end":{"line":20,"column":9}},"type":"if","locations":[{"start":{"line":13,"column":15},"end":{"line":20,"column":9}},{"start":{"line":15,"column":15},"end":{"line":20,"column":9}}]},"2":{"loc":{"start":{"line":15,"column":15},"end":{"line":20,"column":9}},"type":"if","locations":[{"start":{"line":15,"column":15},"end":{"line":20,"column":9}},{"start":{"line":18,"column":15},"end":{"line":20,"column":9}}]},"3":{"loc":{"start":{"line":28,"column":8},"end":{"line":30,"column":9}},"type":"if","locations":[{"start":{"line":28,"column":8},"end":{"line":30,"column":9}}]},"4":{"loc":{"start":{"line":32,"column":8},"end":{"line":34,"column":9}},"type":"if","locations":[{"start":{"line":32,"column":8},"end":{"line":34,"column":9}}]},"5":{"loc":{"start":{"line":36,"column":8},"end":{"line":38,"column":9}},"type":"if","locations":[{"start":{"line":36,"column":8},"end":{"line":38,"column":9}}]},"6":{"loc":{"start":{"line":47,"column":15},"end":{"line":47,"column":94}},"type":"binary-expr","locations":[{"start":{"line":47,"column":15},"end":{"line":47,"column":35}},{"start":{"line":47,"column":39},"end":{"line":47,"column":71}},{"start":{"line":47,"column":75},"end":{"line":47,"column":94}}]}},"s":{"0":2,"1":5,"2":5,"3":5,"4":5,"5":0,"6":5,"7":4,"8":1,"9":0,"10":1,"11":4,"12":1,"13":3,"14":1,"15":2,"16":1,"17":1,"18":4,"19":2},"f":{"0":5,"1":4,"2":4},"b":{"0":[0,5],"1":[4,1],"2":[0,1],"3":[1],"4":[1],"5":[1],"6":[4,3,3]}}
,"C:\\Users\\Abuka\\OneDrive\\Desktop\\main\\trustworthy-module-registry\\src\\metrics\\MetricCalculator.ts": {"path":"C:\\Users\\Abuka\\OneDrive\\Desktop\\main\\trustworthy-module-registry\\src\\metrics\\MetricCalculator.ts","statementMap":{"0":{"start":{"line":5,"column":8},"end":{"line":5,"column":25}},"1":{"start":{"line":20,"column":8},"end":{"line":20,"column":33}},"2":{"start":{"line":1,"column":0},"end":{"line":1,"column":22}}},"fnMap":{"0":{"name":"(anonymous_0)","decl":{"start":{"line":4,"column":4},"end":{"line":4,"column":16}},"loc":{"start":{"line":4,"column":25},"end":{"line":6,"column":5}}},"1":{"name":"(anonymous_1)","decl":{"start":{"line":18,"column":4},"end":{"line":18,"column":16}},"loc":{"start":{"line":18,"column":16},"end":{"line":21,"column":5}}}},"branchMap":{},"s":{"0":44,"1":39,"2":6},"f":{"0":44,"1":39},"b":{}}
,"C:\\Users\\Abuka\\OneDrive\\Desktop\\main\\trustworthy-module-registry\\src\\metrics\\RampUpCalculator.ts": {"path":"C:\\Users\\Abuka\\OneDrive\\Desktop\\main\\trustworthy-module-registry\\src\\metrics\\RampUpCalculator.ts","statementMap":{"0":{"start":{"line":1,"column":0},"end":{"line":1,"column":54}},"1":{"start":{"line":11,"column":8},"end":{"line":11,"column":20}},"2":{"start":{"line":14,"column":8},"end":{"line":20,"column":9}},"3":{"start":{"line":15,"column":12},"end":{"line":15,"column":48}},"4":{"start":{"line":16,"column":15},"end":{"line":20,"column":9}},"5":{"start":{"line":17,"column":12},"end":{"line":17,"column":29}},"6":{"start":{"line":19,"column":12},"end":{"line":19,"column":46}},"7":{"start":{"line":24,"column":8},"end":{"line":26,"column":9}},"8":{"start":{"line":25,"column":12},"end":{"line":25,"column":21}},"9":{"start":{"line":28,"column":34},"end":{"line":28,"column":43}},"10":{"start":{"line":31,"column":22},"end":{"line":31,"column":55}},"11":{"start":{"line":34,"column":8},"end":{"line":34,"column":66}},"12":{"start":{"line":39,"column":25},"end":{"line":51,"column":12}},"13":{"start":{"line":53,"column":29},"end":{"line":53,"column":50}},"14":{"start":{"line":55,"column":27},"end":{"line":55,"column":28}},"15":{"start":{"line":56,"column":8},"end":{"line":60,"column":11}},"16":{"start":{"line":57,"column":12},"end":{"line":59,"column":13}},"17":{"start":{"line":58,"column":16},"end":{"line":58,"column":34}},"18":{"start":{"line":62,"column":34},"end":{"line":62,"column":64}},"19":{"start":{"line":65,"column":33},"end":{"line":65,"column":67}},"20":{"start":{"line":68,"column":27},"end":{"line":68,"column":79}},"21":{"start":{"line":70,"column":8},"end":{"line":70,"column":26}},"22":{"start":{"line":74,"column":26},"end":{"line":74,"column":67}},"23":{"start":{"line":75,"column":22},"end":{"line":75,"column":57}},"24":{"start":{"line":76,"column":26},"end":{"line":76,"column":51}},"25":{"start":{"line":78,"column":33},"end":{"line":78,"column":50}},"26":{"start":{"line":79,"column":33},"end":{"line":79,"column":50}},"27":{"start":{"line":82,"column":28},"end":{"line":82,"column":92}},"28":{"start":{"line":85,"column":34},"end":{"line":85,"column":73}},"29":{"start":{"line":88,"column":32},"end":{"line":88,"column":55}},"30":{"start":{"line":90,"column":8},"end":{"line":90,"column":31}},"31":{"start":{"line":94,"column":22},"end":{"line":94,"column":64}},"32":{"start":{"line":95,"column":28},"end":{"line":95,"column":29}},"33":{"start":{"line":97,"column":8},"end":{"line":99,"column":11}},"34":{"start":{"line":98,"column":12},"end":{"line":98,"column":61}},"35":{"start":{"line":101,"column":8},"end":{"line":101,"column":29}},"36":{"start":{"line":105,"column":8},"end":{"line":105,"column":34}},"37":{"start":{"line":106,"column":8},"end":{"line":108,"column":9}},"38":{"start":{"line":107,"column":12},"end":{"line":107,"column":21}},"39":{"start":{"line":109,"column":23},"end":{"line":109,"column":31}},"40":{"start":{"line":110,"column":24},"end":{"line":110,"column":25}},"41":{"start":{"line":111,"column":30},"end":{"line":111,"column":35}},"42":{"start":{"line":113,"column":8},"end":{"line":119,"column":9}},"43":{"start":{"line":113,"column":21},"end":{"line":113,"column":22}},"44":{"start":{"line":114,"column":28},"end":{"line":114,"column":52}},"45":{"start":{"line":115,"column":12},"end":{"line":117,"column":13}},"46":{"start":{"line":116,"column":16},"end":{"line":116,"column":28}},"47":{"start":{"line":118,"column":12},"end":{"line":118,"column":38}},"48":{"start":{"line":122,"column":8},"end":{"line":124,"column":9}},"49":{"start":{"line":123,"column":12},"end":{"line":123,"column":24}},"50":{"start":{"line":125,"column":8},"end":{"line":127,"column":9}},"51":{"start":{"line":126,"column":12},"end":{"line":126,"column":26}},"52":{"start":{"line":129,"column":8},"end":{"line":129,"column":25}},"53":{"start":{"line":133,"column":8},"end":{"line":138,"column":10}},"54":{"start":{"line":7,"column":0},"end":{"line":7,"column":13}}},"fnMap":{"0":{"name":"(anonymous_0)","decl":{"start":{"line":10,"column":4},"end":{"line":10,"column":16}},"loc":{"start":{"line":10,"column":25},"end":{"line":21,"column":5}}},"1":{"name":"(anonymous_1)","decl":{"start":{"line":23,"column":4},"end":{"line":23,"column":13}},"loc":{"start":{"line":23,"column":13},"end":{"line":35,"column":5}}},"2":{"name":"(anonymous_2)","decl":{"start":{"line":37,"column":12},"end":{"line":37,"column":25}},"loc":{"start":{"line":37,"column":41},"end":{"line":71,"column":5}}},"3":{"name":"(anonymous_3)","decl":{"start":{"line":56,"column":25},"end":{"line":56,"column":26}},"loc":{"start":{"line":56,"column":37},"end":{"line":60,"column":9}}},"4":{"name":"(anonymous_4)","decl":{"start":{"line":73,"column":12},"end":{"line":73,"column":32}},"loc":{"start":{"line":73,"column":45},"end":{"line":91,"column":5}}},"5":{"name":"(anonymous_5)","decl":{"start":{"line":93,"column":12},"end":{"line":93,"column":26}},"loc":{"start":{"line":93,"column":39},"end":{"line":102,"column":5}}},"6":{"name":"(anonymous_6)","decl":{"start":{"line":97,"column":22},"end":{"line":97,"column":23}},"loc":{"start":{"line":97,"column":31},"end":{"line":99,"column":9}}},"7":{"name":"(anonymous_7)","decl":{"start":{"line":104,"column":12},"end":{"line":104,"column":32}},"loc":{"start":{"line":104,"column":45},"end":{"line":130,"column":5}}},"8":{"name":"(anonymous_8)","decl":{"start":{"line":132,"column":13},"end":{"line":132,"column":25}},"loc":{"start":{"line":132,"column":25},"end":{"line":139,"column":5}}}},"branchMap":{"0":{"loc":{"start":{"line":14,"column":8},"end":{"line":20,"column":9}},"type":"if","locations":[{"start":{"line":14,"column":8},"end":{"line":20,"column":9}},{"start":{"line":16,"column":15},"end":{"line":20,"column":9}}]},"1":{"loc":{"start":{"line":16,"column":15},"end":{"line":20,"column":9}},"type":"if","locations":[{"start":{"line":16,"column":15},"end":{"line":20,"column":9}},{"start":{"line":18,"column":15},"end":{"line":20,"column":9}}]},"2":{"loc":{"start":{"line":24,"column":8},"end":{"line":26,"column":9}},"type":"if","locations":[{"start":{"line":24,"column":8},"end":{"line":26,"column":9}}]},"3":{"loc":{"start":{"line":57,"column":12},"end":{"line":59,"column":13}},"type":"if","locations":[{"start":{"line":57,"column":12},"end":{"line":59,"column":13}}]},"4":{"loc":{"start":{"line":74,"column":26},"end":{"line":74,"column":67}},"type":"binary-expr","locations":[{"start":{"line":74,"column":26},"end":{"line":74,"column":62}},{"start":{"line":74,"column":66},"end":{"line":74,"column":67}}]},"5":{"loc":{"start":{"line":75,"column":22},"end":{"line":75,"column":57}},"type":"binary-expr","locations":[{"start":{"line":75,"column":22},"end":{"line":75,"column":52}},{"start":{"line":75,"column":56},"end":{"line":75,"column":57}}]},"6":{"loc":{"start":{"line":94,"column":22},"end":{"line":94,"column":64}},"type":"binary-expr","locations":[{"start":{"line":94,"column":22},"end":{"line":94,"column":58}},{"start":{"line":94,"column":62},"end":{"line":94,"column":64}}]},"7":{"loc":{"start":{"line":106,"column":8},"end":{"line":108,"column":9}},"type":"if","locations":[{"start":{"line":106,"column":8},"end":{"line":108,"column":9}}]},"8":{"loc":{"start":{"line":115,"column":12},"end":{"line":117,"column":13}},"type":"if","locations":[{"start":{"line":115,"column":12},"end":{"line":117,"column":13}}]},"9":{"loc":{"start":{"line":115,"column":16},"end":{"line":115,"column":43}},"type":"binary-expr","locations":[{"start":{"line":115,"column":16},"end":{"line":115,"column":23}},{"start":{"line":115,"column":27},"end":{"line":115,"column":43}}]},"10":{"loc":{"start":{"line":122,"column":8},"end":{"line":124,"column":9}},"type":"if","locations":[{"start":{"line":122,"column":8},"end":{"line":124,"column":9}}]},"11":{"loc":{"start":{"line":125,"column":8},"end":{"line":127,"column":9}},"type":"if","locations":[{"start":{"line":125,"column":8},"end":{"line":127,"column":9}}]},"12":{"loc":{"start":{"line":134,"column":12},"end":{"line":137,"column":70}},"type":"binary-expr","locations":[{"start":{"line":134,"column":12},"end":{"line":134,"column":32}},{"start":{"line":135,"column":12},"end":{"line":135,"column":55}},{"start":{"line":136,"column":12},"end":{"line":136,"column":53}},{"start":{"line":137,"column":12},"end":{"line":137,"column":70}}]}},"s":{"0":2,"1":8,"2":8,"3":0,"4":8,"5":6,"6":2,"7":7,"8":3,"9":4,"10":4,"11":4,"12":4,"13":4,"14":4,"15":4,"16":44,"17":14,"18":4,"19":4,"20":4,"21":4,"22":4,"23":4,"24":4,"25":4,"26":4,"27":4,"28":4,"29":4,"30":4,"31":4,"32":4,"33":4,"34":61,"35":4,"36":61,"37":61,"38":20,"39":41,"40":41,"41":41,"42":41,"43":41,"44":299,"45":299,"46":106,"47":299,"48":41,"49":11,"50":41,"51":0,"52":41,"53":7,"54":2},"f":{"0":8,"1":7,"2":4,"3":44,"4":4,"5":4,"6":61,"7":61,"8":7},"b":{"0":[0,8],"1":[6,2],"2":[3],"3":[14],"4":[4,1],"5":[4,0],"6":[4,0],"7":[20],"8":[106],"9":[299,115],"10":[11],"11":[0],"12":[7,7,7,5]}}
,"C:\\Users\\Abuka\\OneDrive\\Desktop\\main\\trustworthy-module-registry\\src\\metrics\\ResponsiveMaintainerCalculator.ts": {"path":"C:\\Users\\Abuka\\OneDrive\\Desktop\\main\\trustworthy-module-registry\\src\\metrics\\ResponsiveMaintainerCalculator.ts","statementMap":{"0":{"start":{"line":1,"column":0},"end":{"line":1,"column":54}},"1":{"start":{"line":17,"column":8},"end":{"line":17,"column":20}},"2":{"start":{"line":18,"column":8},"end":{"line":18,"column":25}},"3":{"start":{"line":26,"column":8},"end":{"line":28,"column":9}},"4":{"start":{"line":27,"column":12},"end":{"line":27,"column":21}},"5":{"start":{"line":36,"column":12},"end":{"line":36,"column":21}},"6":{"start":{"line":39,"column":36},"end":{"line":39,"column":102}},"7":{"start":{"line":40,"column":46},"end":{"line":40,"column":78}},"8":{"start":{"line":43,"column":28},"end":{"line":43,"column":53}},"9":{"start":{"line":44,"column":36},"end":{"line":44,"column":84}},"10":{"start":{"line":47,"column":38},"end":{"line":47,"column":88}},"11":{"start":{"line":51,"column":12},"end":{"line":53,"column":41}},"12":{"start":{"line":57,"column":8},"end":{"line":57,"column":86}},"13":{"start":{"line":72,"column":12},"end":{"line":72,"column":21}},"14":{"start":{"line":74,"column":8},"end":{"line":83,"column":10}},"15":{"start":{"line":13,"column":0},"end":{"line":13,"column":13}}},"fnMap":{"0":{"name":"(anonymous_0)","decl":{"start":{"line":16,"column":4},"end":{"line":16,"column":16}},"loc":{"start":{"line":16,"column":46},"end":{"line":19,"column":5}}},"1":{"name":"(anonymous_1)","decl":{"start":{"line":25,"column":4},"end":{"line":25,"column":13}},"loc":{"start":{"line":25,"column":13},"end":{"line":58,"column":5}}},"2":{"name":"(anonymous_2)","decl":{"start":{"line":63,"column":13},"end":{"line":63,"column":25}},"loc":{"start":{"line":63,"column":25},"end":{"line":84,"column":5}}}},"branchMap":{"0":{"loc":{"start":{"line":26,"column":8},"end":{"line":28,"column":9}},"type":"if","locations":[{"start":{"line":26,"column":8},"end":{"line":28,"column":9}}]},"1":{"loc":{"start":{"line":39,"column":36},"end":{"line":39,"column":102}},"type":"cond-expr","locations":[{"start":{"line":39,"column":61},"end":{"line":39,"column":98}},{"start":{"line":39,"column":101},"end":{"line":39,"column":102}}]},"2":{"loc":{"start":{"line":44,"column":36},"end":{"line":44,"column":84}},"type":"cond-expr","locations":[{"start":{"line":44,"column":54},"end":{"line":44,"column":80}},{"start":{"line":44,"column":83},"end":{"line":44,"column":84}}]},"3":{"loc":{"start":{"line":47,"column":38},"end":{"line":47,"column":88}},"type":"cond-expr","locations":[{"start":{"line":47,"column":63},"end":{"line":47,"column":64}},{"start":{"line":47,"column":67},"end":{"line":47,"column":88}}]},"4":{"loc":{"start":{"line":75,"column":12},"end":{"line":82,"column":73}},"type":"binary-expr","locations":[{"start":{"line":75,"column":12},"end":{"line":75,"column":32}},{"start":{"line":76,"column":12},"end":{"line":76,"column":48}},{"start":{"line":76,"column":52},"end":{"line":76,"column":73}},{"start":{"line":77,"column":12},"end":{"line":77,"column":50}},{"start":{"line":77,"column":54},"end":{"line":77,"column":77}},{"start":{"line":78,"column":12},"end":{"line":78,"column":42}},{"start":{"line":78,"column":46},"end":{"line":78,"column":61}},{"start":{"line":79,"column":12},"end":{"line":79,"column":44}},{"start":{"line":79,"column":48},"end":{"line":79,"column":65}},{"start":{"line":80,"column":12},"end":{"line":80,"column":44}},{"start":{"line":80,"column":48},"end":{"line":80,"column":65}},{"start":{"line":81,"column":12},"end":{"line":81,"column":45}},{"start":{"line":81,"column":49},"end":{"line":81,"column":67}},{"start":{"line":82,"column":12},"end":{"line":82,"column":48}},{"start":{"line":82,"column":52},"end":{"line":82,"column":73}}]}},"s":{"0":2,"1":7,"2":7,"3":6,"4":2,"5":4,"6":4,"7":4,"8":4,"9":4,"10":4,"11":4,"12":4,"13":6,"14":6,"15":2},"f":{"0":7,"1":6,"2":6},"b":{"0":[2],"1":[3,1],"2":[4,0],"3":[2,2],"4":[6,6,6,4,4,4,4,4,4,4,4,4,4,4,4]}}
,"C:\\Users\\Abuka\\OneDrive\\Desktop\\main\\trustworthy-module-registry\\tests\\metrics\\TestData\\NPMTestData.ts": {"path":"C:\\Users\\Abuka\\OneDrive\\Desktop\\main\\trustworthy-module-registry\\tests\\metrics\\TestData\\NPMTestData.ts","statementMap":{"0":{"start":{"line":175,"column":13},"end":{"line":390,"column":2}},"1":{"start":{"line":392,"column":13},"end":{"line":702,"column":2}},"2":{"start":{"line":704,"column":13},"end":{"line":718,"column":null}}},"fnMap":{},"branchMap":{},"s":{"0":1,"1":1,"2":1},"f":{},"b":{}}
}
