TN:
SF:src\Data_Fetcher\GitHubDataFetcher.ts
FN:19,(anonymous_0)
FN:24,(anonymous_1)
FN:46,(anonymous_2)
FN:77,(anonymous_3)
FN:83,(anonymous_4)
FN:92,(anonymous_5)
FN:129,(anonymous_6)
FN:137,(anonymous_7)
FN:143,(anonymous_8)
FN:149,(anonymous_9)
FN:150,(anonymous_10)
FN:151,(anonymous_11)
FN:152,(anonymous_12)
FN:157,(anonymous_13)
FN:203,(anonymous_14)
FN:241,(anonymous_15)
FN:290,(anonymous_16)
FN:307,(anonymous_17)
FN:326,(anonymous_18)
FN:351,(anonymous_19)
FNF:20
FNH:20
FNDA:13,(anonymous_0)
FNDA:43,(anonymous_1)
FNDA:9,(anonymous_2)
FNDA:401,(anonymous_3)
FNDA:401,(anonymous_4)
FNDA:4,(anonymous_5)
FNDA:400,(anonymous_6)
FNDA:294,(anonymous_7)
FNDA:20,(anonymous_8)
FNDA:98,(anonymous_9)
FNDA:98,(anonymous_10)
FNDA:98,(anonymous_11)
FNDA:98,(anonymous_12)
FNDA:8,(anonymous_13)
FNDA:10,(anonymous_14)
FNDA:5,(anonymous_15)
FNDA:188,(anonymous_16)
FNDA:3,(anonymous_17)
FNDA:2,(anonymous_18)
FNDA:41,(anonymous_19)
DA:14,7
DA:16,13
DA:20,13
DA:21,13
DA:25,43
DA:26,43
DA:35,42
DA:36,1
DA:39,41
DA:41,2
DA:42,2
DA:47,9
DA:71,9
DA:72,9
DA:74,9
DA:75,8
DA:77,401
DA:83,401
DA:85,8
DA:93,4
DA:121,4
DA:122,4
DA:124,4
DA:126,4
DA:127,4
DA:129,4
DA:130,400
DA:131,400
DA:132,400
DA:133,400
DA:137,294
DA:139,4
DA:143,20
DA:149,98
DA:150,98
DA:151,98
DA:152,98
DA:158,8
DA:184,8
DA:185,8
DA:187,8
DA:188,8
DA:189,8
DA:190,8
DA:192,8
DA:204,10
DA:231,10
DA:232,10
DA:234,10
DA:242,5
DA:243,5
DA:281,5
DA:282,5
DA:284,5
DA:285,5
DA:286,5
DA:287,5
DA:288,5
DA:289,5
DA:290,5
DA:291,188
DA:294,5
DA:296,5
DA:308,3
DA:320,3
DA:321,3
DA:323,3
DA:327,2
DA:328,2
DA:337,1
DA:346,1
DA:347,1
DA:352,41
DA:353,41
LF:74
LH:74
BRDA:35,0,0,1
BRDA:131,1,0,400
BRDA:133,2,0,400
BRDA:133,2,1,98
BRDA:150,3,0,98
BRDA:150,3,1,22
BRDA:151,4,0,98
BRDA:151,4,1,14
BRDA:189,5,0,5
BRDA:189,5,1,3
BRDA:190,6,0,5
BRDA:190,6,1,3
BRDA:234,7,0,10
BRDA:234,7,1,5
BRDA:234,7,2,4
BRDA:234,7,3,2
BRDA:234,7,4,1
BRF:17
BRH:17
end_of_record
TN:
SF:src\Data_Fetcher\NPMDataFetcher.ts
FN:13,(anonymous_0)
FN:20,(anonymous_1)
FN:29,(anonymous_2)
FN:42,(anonymous_3)
FN:54,(anonymous_4)
FN:65,(anonymous_5)
FN:71,(anonymous_6)
FN:82,(anonymous_7)
FN:93,(anonymous_8)
FN:104,(anonymous_9)
FN:126,(anonymous_10)
FNF:11
FNH:11
FNDA:5,(anonymous_0)
FNDA:5,(anonymous_1)
FNDA:31,(anonymous_2)
FNDA:25,(anonymous_3)
FNDA:4,(anonymous_4)
FNDA:2,(anonymous_5)
FNDA:9,(anonymous_6)
FNDA:7,(anonymous_7)
FNDA:3,(anonymous_8)
FNDA:2,(anonymous_9)
FNDA:1,(anonymous_10)
DA:4,1
DA:7,1
DA:14,5
DA:15,5
DA:16,5
DA:17,5
DA:21,5
DA:22,5
DA:23,5
DA:25,0
DA:30,31
DA:31,31
DA:32,30
DA:33,1
DA:35,29
DA:37,2
DA:38,2
DA:43,25
DA:44,25
DA:45,25
DA:47,10
DA:48,10
DA:50,15
DA:55,4
DA:56,4
DA:57,2
DA:58,2
DA:61,2
DA:66,2
DA:67,2
DA:68,2
DA:72,9
DA:73,9
DA:74,2
DA:75,2
DA:78,7
DA:83,7
DA:84,7
DA:85,2
DA:86,2
DA:89,5
DA:94,3
DA:95,3
DA:96,2
DA:97,2
DA:100,1
DA:105,2
DA:106,2
DA:107,2
DA:109,2
DA:116,0
DA:117,0
DA:118,0
DA:122,0
DA:127,1
DA:128,1
DA:137,1
DA:146,0
LF:58
LH:52
BRDA:22,0,0,5
BRDA:22,0,1,0
BRDA:22,1,0,5
BRDA:22,1,1,5
BRDA:32,2,0,1
BRDA:45,3,0,10
BRDA:45,3,1,15
BRDA:45,4,0,25
BRDA:45,4,1,10
BRDA:107,5,0,2
BRDA:107,5,1,0
BRF:11
BRH:9
end_of_record
TN:
SF:src\metrics\BusFactorCalculator.ts
FN:21,(anonymous_0)
FN:44,(anonymous_1)
FN:67,(anonymous_2)
FNF:3
FNH:3
FNDA:13,(anonymous_0)
FNDA:12,(anonymous_1)
FNDA:12,(anonymous_2)
DA:1,2
DA:16,2
DA:22,13
DA:25,13
DA:28,13
DA:31,13
DA:34,13
DA:37,13
DA:45,12
DA:46,2
DA:50,10
DA:51,3
DA:55,7
DA:56,2
DA:57,5
DA:58,2
DA:60,3
DA:68,12
LF:18
LH:18
BRDA:31,0,0,13
BRDA:31,0,1,4
BRDA:34,1,0,10
BRDA:34,1,1,3
BRDA:45,2,0,2
BRDA:50,3,0,3
BRDA:50,4,0,10
BRDA:50,4,1,8
BRDA:55,5,0,2
BRDA:55,5,1,5
BRDA:57,6,0,2
BRDA:57,6,1,3
BRDA:69,7,0,12
BRDA:69,7,1,12
BRDA:69,7,2,12
BRDA:69,7,3,10
BRDA:69,7,4,10
BRDA:69,7,5,10
BRDA:69,7,6,10
BRF:19
BRH:19
end_of_record
TN:
SF:src\metrics\CalculatorFactory.ts
FN:9,(anonymous_0)
FN:25,(anonymous_1)
FNF:2
FNH:2
FNDA:1,(anonymous_0)
FNDA:6,(anonymous_1)
DA:2,1
DA:3,1
DA:4,1
DA:5,1
DA:6,1
DA:9,1
DA:10,1
DA:11,1
DA:12,1
DA:13,1
DA:14,1
DA:26,6
DA:28,1
DA:30,1
DA:32,1
DA:34,1
DA:36,1
DA:39,1
DA:40,1
DA:45,1
LF:20
LH:20
BRDA:9,0,0,1
BRDA:9,0,1,1
BRDA:26,1,0,1
BRDA:26,1,1,1
BRDA:26,1,2,1
BRDA:26,1,3,1
BRDA:26,1,4,1
BRDA:26,1,5,1
BRF:8
BRH:8
end_of_record
TN:
SF:src\metrics\CorrectnessCalculator.ts
FN:16,(anonymous_0)
FN:25,(anonymous_1)
FN:60,(anonymous_2)
FNF:3
FNH:3
FNDA:11,(anonymous_0)
FNDA:10,(anonymous_1)
FNDA:10,(anonymous_2)
DA:1,2
DA:13,2
DA:17,11
DA:18,11
DA:26,10
DA:27,2
DA:38,8
DA:41,8
DA:44,8
DA:47,8
DA:48,8
DA:51,8
DA:54,8
DA:69,10
DA:71,10
LF:15
LH:15
BRDA:26,0,0,2
BRDA:41,1,0,4
BRDA:41,1,1,4
BRDA:44,2,0,3
BRDA:44,2,1,5
BRDA:72,3,0,10
BRDA:72,3,1,10
BRDA:72,3,2,10
BRDA:72,3,3,8
BRDA:72,3,4,8
BRDA:72,3,5,8
BRDA:72,3,6,8
BRDA:72,3,7,8
BRDA:72,3,8,8
BRDA:72,3,9,8
BRDA:72,3,10,8
BRDA:72,3,11,8
BRDA:72,3,12,8
BRDA:72,3,13,8
BRDA:72,3,14,8
BRF:20
BRH:20
end_of_record
TN:
SF:src\metrics\LicenseCalculator.ts
FN:8,(anonymous_0)
FN:27,(anonymous_1)
FN:46,(anonymous_2)
FNF:3
FNH:3
FNDA:5,(anonymous_0)
FNDA:4,(anonymous_1)
FNDA:4,(anonymous_2)
DA:1,2
DA:3,2
DA:4,5
DA:5,5
DA:9,5
DA:11,5
DA:12,0
DA:13,5
DA:14,4
DA:15,1
DA:17,0
DA:19,1
DA:28,4
DA:29,1
DA:32,3
DA:33,1
DA:36,2
DA:37,1
DA:40,1
DA:47,4
LF:20
LH:18
BRDA:11,0,0,0
BRDA:11,0,1,5
BRDA:13,1,0,4
BRDA:13,1,1,1
BRDA:15,2,0,0
BRDA:15,2,1,1
BRDA:28,3,0,1
BRDA:32,4,0,1
BRDA:36,5,0,1
BRDA:47,6,0,4
BRDA:47,6,1,3
BRDA:47,6,2,3
BRF:12
BRH:10
end_of_record
TN:
SF:src\metrics\MetricCalculator.ts
FN:4,(anonymous_0)
FN:18,(anonymous_1)
FNF:2
FNH:2
FNDA:44,(anonymous_0)
FNDA:39,(anonymous_1)
DA:1,6
DA:5,44
DA:20,39
LF:3
LH:3
BRF:0
BRH:0
end_of_record
TN:
SF:src\metrics\RampUpCalculator.ts
FN:10,(anonymous_0)
FN:23,(anonymous_1)
FN:37,(anonymous_2)
FN:56,(anonymous_3)
FN:73,(anonymous_4)
FN:93,(anonymous_5)
FN:97,(anonymous_6)
FN:104,(anonymous_7)
FN:132,(anonymous_8)
FNF:9
FNH:9
FNDA:8,(anonymous_0)
FNDA:7,(anonymous_1)
FNDA:4,(anonymous_2)
FNDA:44,(anonymous_3)
FNDA:4,(anonymous_4)
FNDA:4,(anonymous_5)
FNDA:61,(anonymous_6)
FNDA:61,(anonymous_7)
FNDA:7,(anonymous_8)
DA:1,2
DA:7,2
DA:11,8
DA:14,8
DA:15,0
DA:16,8
DA:17,6
DA:19,2
DA:24,7
DA:25,3
DA:28,4
DA:31,4
DA:34,4
DA:39,4
DA:53,4
DA:55,4
DA:56,4
DA:57,44
DA:58,14
DA:62,4
DA:65,4
DA:68,4
DA:70,4
DA:74,4
DA:75,4
DA:76,4
DA:78,4
DA:79,4
DA:82,4
DA:85,4
DA:88,4
DA:90,4
DA:94,4
DA:95,4
DA:97,4
DA:98,61
DA:101,4
DA:105,61
DA:106,61
DA:107,20
DA:109,41
DA:110,41
DA:111,41
DA:113,41
DA:114,299
DA:115,299
DA:116,106
DA:118,299
DA:122,41
DA:123,11
DA:125,41
DA:126,0
DA:129,41
DA:133,7
LF:54
LH:52
BRDA:14,0,0,0
BRDA:14,0,1,8
BRDA:16,1,0,6
BRDA:16,1,1,2
BRDA:24,2,0,3
BRDA:57,3,0,14
BRDA:74,4,0,4
BRDA:74,4,1,1
BRDA:75,5,0,4
BRDA:75,5,1,0
BRDA:94,6,0,4
BRDA:94,6,1,0
BRDA:106,7,0,20
BRDA:115,8,0,106
BRDA:115,9,0,299
BRDA:115,9,1,115
BRDA:122,10,0,11
BRDA:125,11,0,0
BRDA:134,12,0,7
BRDA:134,12,1,7
BRDA:134,12,2,7
BRDA:134,12,3,5
BRF:22
BRH:18
end_of_record
TN:
SF:src\metrics\ResponsiveMaintainerCalculator.ts
FN:16,(anonymous_0)
FN:25,(anonymous_1)
FN:63,(anonymous_2)
FNF:3
FNH:3
FNDA:7,(anonymous_0)
FNDA:6,(anonymous_1)
FNDA:6,(anonymous_2)
DA:1,2
DA:13,2
DA:17,7
DA:18,7
DA:26,6
DA:27,2
DA:36,4
DA:39,4
DA:40,4
DA:43,4
DA:44,4
DA:47,4
DA:51,4
DA:57,4
DA:72,6
DA:74,6
LF:16
LH:16
BRDA:26,0,0,2
BRDA:39,1,0,3
BRDA:39,1,1,1
BRDA:44,2,0,4
BRDA:44,2,1,0
BRDA:47,3,0,2
BRDA:47,3,1,2
BRDA:75,4,0,6
BRDA:75,4,1,6
BRDA:75,4,2,6
BRDA:75,4,3,4
BRDA:75,4,4,4
BRDA:75,4,5,4
BRDA:75,4,6,4
BRDA:75,4,7,4
BRDA:75,4,8,4
BRDA:75,4,9,4
BRDA:75,4,10,4
BRDA:75,4,11,4
BRDA:75,4,12,4
BRDA:75,4,13,4
BRDA:75,4,14,4
BRF:22
BRH:21
end_of_record
TN:
SF:tests\metrics\TestData\NPMTestData.ts
FNF:0
FNH:0
DA:175,1
DA:392,1
DA:704,1
LF:3
LH:3
BRF:0
BRH:0
end_of_record
